07:32:02.600 [Worker-6] INFO  o.a.AndroidAnnotationProcessor:83 - Initialize AndroidAnnotations 3.3.1 with options {phase=BUILD}
07:32:02.602 [Worker-6] INFO  o.a.AndroidAnnotationProcessor:107 - Start processing for 3 annotations on 6 elements
07:32:02.626 [Worker-6] DEBUG o.a.h.AndroidManifestFinder:137 - AndroidManifest.xml file found in parent folder /home/rohit/android/UTTARA: /home/rohit/android/UTTARA/AndroidManifest.xml
07:32:02.629 [Worker-6] INFO  o.a.AndroidAnnotationProcessor:170 - AndroidManifest.xml found: AndroidManifest [applicationPackage=com.uttara.activities, componentQualifiedNames=[com.uttara.activities.MainActivity_, com.uttara.activities.SignupActivity_, com.uttara.activities.SplashScreenActivity_], permissionQualifiedNames=[], applicationClassName=null, libraryProject=false, debugabble=false, minSdkVersion=14, maxSdkVersion=-1, targetSdkVersion=22]
07:32:02.629 [Worker-6] INFO  o.a.r.ProjectRClassFinder:50 - Found project R class: R
07:32:02.630 [Worker-6] INFO  o.a.r.AndroidRClassFinder:44 - Found Android class: android.R
07:32:02.642 [Worker-6] INFO  o.a.p.ModelValidator:42 - Validating elements
07:32:02.643 [Worker-6] DEBUG o.a.p.ModelValidator:62 - Validating with EActivityHandler: [com.uttara.activities.SignupActivity, com.uttara.activities.SplashScreenActivity, com.uttara.activities.MainActivity]
07:32:02.644 [Worker-6] ERROR o.a.h.AnnotationHelper:128 - Resource id value not found in R.layout: 0
07:32:02.644 [Worker-6] WARN  o.a.p.ModelValidator:69 - Element EActivityHandler unvalidated by 
07:32:02.645 [Worker-6] ERROR o.a.h.AnnotationHelper:128 - Resource id value not found in R.layout: 0
07:32:02.645 [Worker-6] WARN  o.a.p.ModelValidator:69 - Element EActivityHandler unvalidated by 
07:32:02.645 [Worker-6] ERROR o.a.h.AnnotationHelper:128 - Resource id value not found in R.layout: 0
07:32:02.645 [Worker-6] WARN  o.a.p.ModelValidator:69 - Element EActivityHandler unvalidated by 
07:32:02.645 [Worker-6] DEBUG o.a.p.ModelValidator:62 - Validating with ViewByIdHandler: [mCirIndicator, mViewPager, etUttaraId, etDob]
07:32:02.646 [Worker-6] ERROR o.a.h.AnnotationHelper:128 - Resource name not found in R.id: mCirIndicator
07:32:02.647 [Worker-6] WARN  o.a.p.ModelValidator:69 - Element ViewByIdHandler unvalidated by 
07:32:02.647 [Worker-6] ERROR o.a.h.AnnotationHelper:128 - Resource name not found in R.id: mViewPager
07:32:02.647 [Worker-6] WARN  o.a.p.ModelValidator:69 - Element ViewByIdHandler unvalidated by 
07:32:02.649 [Worker-6] ERROR o.a.h.AnnotationHelper:128 - Resource name not found in R.id: etUttaraId
07:32:02.649 [Worker-6] WARN  o.a.p.ModelValidator:69 - Element ViewByIdHandler unvalidated by 
07:32:02.649 [Worker-6] ERROR o.a.h.AnnotationHelper:128 - Resource name not found in R.id: etDob
07:32:02.649 [Worker-6] WARN  o.a.p.ModelValidator:69 - Element ViewByIdHandler unvalidated by 
07:32:02.650 [Worker-6] DEBUG o.a.p.ModelValidator:62 - Validating with AfterViewsHandler: [void afterInitialization() , void afterViews() ]
07:32:02.651 [Worker-6] INFO  o.a.p.ModelProcessor:74 - Processing root elements
07:32:02.651 [Worker-6] INFO  o.a.p.ModelProcessor:86 - Processing enclosed elements
07:32:02.651 [Worker-6] INFO  o.a.AndroidAnnotationProcessor:249 - Number of files generated by AndroidAnnotations: 0
07:32:02.652 [Worker-6] INFO  o.a.g.ApiCodeGenerator:52 - Writting following API classes in project: []
07:32:02.652 [Worker-6] INFO  o.a.p.TimeStats:81 - Time measurements: [Whole Processing = 50 ms], [Extract Annotations = 24 ms], [Find R Classes = 13 ms], [Validate Annotations = 8 ms], [Extract Manifest = 3 ms], [Process Annotations = 1 ms], [Generate Sources = 1 ms], 
07:32:02.652 [Worker-6] INFO  o.a.AndroidAnnotationProcessor:121 - Finish processing
07:32:42.855 [Worker-5] INFO  o.a.AndroidAnnotationProcessor:83 - Initialize AndroidAnnotations 3.3.1 with options {phase=BUILD}
07:32:42.856 [Worker-5] INFO  o.a.AndroidAnnotationProcessor:107 - Start processing for 3 annotations on 1 elements
07:32:42.876 [Worker-5] DEBUG o.a.h.AndroidManifestFinder:137 - AndroidManifest.xml file found in parent folder /home/rohit/android/UTTARA: /home/rohit/android/UTTARA/AndroidManifest.xml
07:32:42.879 [Worker-5] WARN  o.a.h.AndroidManifestFinder:252 - A class activity declared in the AndroidManifest.xml cannot be found in the compile path: [.SignupActivity_]
07:32:42.880 [Worker-5] WARN  o.a.h.AndroidManifestFinder:252 - A class activity declared in the AndroidManifest.xml cannot be found in the compile path: [.SplashScreenActivity_]
07:32:42.880 [Worker-5] INFO  o.a.AndroidAnnotationProcessor:170 - AndroidManifest.xml found: AndroidManifest [applicationPackage=com.uttara.activities, componentQualifiedNames=[com.uttara.activities.MainActivity_], permissionQualifiedNames=[], applicationClassName=null, libraryProject=false, debugabble=false, minSdkVersion=14, maxSdkVersion=-1, targetSdkVersion=22]
07:32:42.880 [Worker-5] ERROR o.a.r.ProjectRClassFinder:46 - The generated com.uttara.activities.R class cannot be found
07:32:42.881 [Worker-5] INFO  o.a.r.AndroidRClassFinder:44 - Found Android class: android.R
07:32:42.895 [Worker-5] INFO  o.a.p.TimeStats:81 - Time measurements: [Whole Processing = 39 ms], [Extract Annotations = 19 ms], [Extract Manifest = 4 ms], 
07:32:42.896 [Worker-5] INFO  o.a.AndroidAnnotationProcessor:121 - Finish processing
07:32:57.59 [Worker-9] INFO  o.a.AndroidAnnotationProcessor:83 - Initialize AndroidAnnotations 3.3.1 with options {phase=BUILD}
07:32:57.61 [Worker-9] INFO  o.a.AndroidAnnotationProcessor:107 - Start processing for 3 annotations on 8 elements
07:32:57.88 [Worker-9] DEBUG o.a.h.AndroidManifestFinder:137 - AndroidManifest.xml file found in parent folder /home/rohit/android/UTTARA: /home/rohit/android/UTTARA/AndroidManifest.xml
07:32:57.90 [Worker-9] INFO  o.a.AndroidAnnotationProcessor:170 - AndroidManifest.xml found: AndroidManifest [applicationPackage=com.uttara.activities, componentQualifiedNames=[com.uttara.activities.MainActivity_, com.uttara.activities.SignupActivity_, com.uttara.activities.SplashScreenActivity_], permissionQualifiedNames=[], applicationClassName=null, libraryProject=false, debugabble=false, minSdkVersion=14, maxSdkVersion=-1, targetSdkVersion=22]
07:32:57.91 [Worker-9] INFO  o.a.r.ProjectRClassFinder:50 - Found project R class: com.uttara.activities.R
07:32:57.107 [Worker-9] INFO  o.a.r.AndroidRClassFinder:44 - Found Android class: android.R
07:32:57.113 [Worker-9] INFO  o.a.p.ModelValidator:42 - Validating elements
07:32:57.114 [Worker-9] DEBUG o.a.p.ModelValidator:62 - Validating with EActivityHandler: [com.uttara.activities.SignupActivity, com.uttara.activities.SplashScreenActivity, com.uttara.activities.MainActivity]
07:32:57.114 [Worker-9] ERROR o.a.h.AnnotationHelper:128 - Resource id value not found in R.layout: 0
07:32:57.115 [Worker-9] WARN  o.a.p.ModelValidator:69 - Element EActivityHandler unvalidated by 
07:32:57.115 [Worker-9] DEBUG o.a.p.ModelValidator:62 - Validating with ViewByIdHandler: [etUttaraId, mViewPager, mCirIndicator, etDob]
07:32:57.117 [Worker-9] DEBUG o.a.p.ModelValidator:62 - Validating with AfterViewsHandler: [void afterViews() , void afterInitialization() ]
07:32:57.118 [Worker-9] INFO  o.a.p.ModelProcessor:74 - Processing root elements
07:32:57.119 [Worker-9] DEBUG o.a.p.ModelProcessor:176 - Processing root elements EActivityHandler: [com.uttara.activities.SignupActivity, com.uttara.activities.SplashScreenActivity]
07:32:57.136 [Worker-9] INFO  o.a.p.ModelProcessor:86 - Processing enclosed elements
07:32:57.137 [Worker-9] INFO  o.a.AndroidAnnotationProcessor:249 - Number of files generated by AndroidAnnotations: 2
07:32:57.137 [Worker-9] INFO  o.a.g.ApiCodeGenerator:52 - Writting following API classes in project: []
07:32:57.138 [Worker-9] DEBUG o.a.g.SourceCodewriter:55 - Generating class: com.uttara.activities.SignupActivity_
07:32:57.142 [Worker-9] DEBUG o.a.g.SourceCodewriter:55 - Generating class: com.uttara.activities.SplashScreenActivity_
07:32:57.145 [Worker-9] INFO  o.a.p.TimeStats:81 - Time measurements: [Whole Processing = 84 ms], [Extract Annotations = 26 ms], [Find R Classes = 22 ms], [Process Annotations = 19 ms], [Generate Sources = 8 ms], [Validate Annotations = 5 ms], [Extract Manifest = 2 ms], 
07:32:57.146 [Worker-9] INFO  o.a.AndroidAnnotationProcessor:121 - Finish processing
07:33:06.164 [Worker-1] INFO  o.a.AndroidAnnotationProcessor:83 - Initialize AndroidAnnotations 3.3.1 with options {phase=BUILD}
07:33:06.165 [Worker-1] INFO  o.a.AndroidAnnotationProcessor:107 - Start processing for 3 annotations on 9 elements
07:33:06.188 [Worker-1] DEBUG o.a.h.AndroidManifestFinder:137 - AndroidManifest.xml file found in parent folder /home/rohit/android/UTTARA: /home/rohit/android/UTTARA/AndroidManifest.xml
07:33:06.191 [Worker-1] INFO  o.a.AndroidAnnotationProcessor:170 - AndroidManifest.xml found: AndroidManifest [applicationPackage=com.uttara.activities, componentQualifiedNames=[com.uttara.activities.MainActivity_, com.uttara.activities.SignupActivity_, com.uttara.activities.SplashScreenActivity_], permissionQualifiedNames=[], applicationClassName=null, libraryProject=false, debugabble=false, minSdkVersion=14, maxSdkVersion=-1, targetSdkVersion=22]
07:33:06.192 [Worker-1] INFO  o.a.r.ProjectRClassFinder:50 - Found project R class: com.uttara.activities.R
07:33:06.209 [Worker-1] INFO  o.a.r.AndroidRClassFinder:44 - Found Android class: android.R
07:33:06.215 [Worker-1] INFO  o.a.p.ModelValidator:42 - Validating elements
07:33:06.216 [Worker-1] DEBUG o.a.p.ModelValidator:62 - Validating with EActivityHandler: [com.uttara.activities.SignupActivity, com.uttara.activities.SplashScreenActivity, com.uttara.activities.MainActivity]
07:33:06.217 [Worker-1] ERROR o.a.h.AnnotationHelper:128 - Resource id value not found in R.layout: 0
07:33:06.217 [Worker-1] WARN  o.a.p.ModelValidator:69 - Element EActivityHandler unvalidated by 
07:33:06.217 [Worker-1] DEBUG o.a.p.ModelValidator:62 - Validating with ViewByIdHandler: [etDob, etUttaraId, mCirIndicator, mViewPager]
07:33:06.220 [Worker-1] DEBUG o.a.p.ModelValidator:62 - Validating with AfterViewsHandler: [void afterViews() , void afterInitialization() ]
07:33:06.221 [Worker-1] INFO  o.a.p.ModelProcessor:74 - Processing root elements
07:33:06.222 [Worker-1] DEBUG o.a.p.ModelProcessor:176 - Processing root elements EActivityHandler: [com.uttara.activities.SignupActivity, com.uttara.activities.SplashScreenActivity]
07:33:06.228 [Worker-1] INFO  o.a.p.ModelProcessor:86 - Processing enclosed elements
07:33:06.230 [Worker-1] INFO  o.a.AndroidAnnotationProcessor:249 - Number of files generated by AndroidAnnotations: 2
07:33:06.231 [Worker-1] INFO  o.a.g.ApiCodeGenerator:52 - Writting following API classes in project: []
07:33:06.231 [Worker-1] DEBUG o.a.g.SourceCodewriter:55 - Generating class: com.uttara.activities.SignupActivity_
07:33:06.237 [Worker-1] DEBUG o.a.g.SourceCodewriter:55 - Generating class: com.uttara.activities.SplashScreenActivity_
07:33:06.241 [Worker-1] INFO  o.a.p.TimeStats:81 - Time measurements: [Whole Processing = 76 ms], [Extract Annotations = 23 ms], [Find R Classes = 23 ms], [Generate Sources = 11 ms], [Process Annotations = 9 ms], [Validate Annotations = 6 ms], [Extract Manifest = 3 ms], 
07:33:06.241 [Worker-1] INFO  o.a.AndroidAnnotationProcessor:121 - Finish processing
07:33:08.333 [Worker-6] INFO  o.a.AndroidAnnotationProcessor:83 - Initialize AndroidAnnotations 3.3.1 with options {phase=BUILD}
07:33:48.779 [Worker-0] INFO  o.a.AndroidAnnotationProcessor:83 - Initialize AndroidAnnotations 3.3.1 with options {phase=BUILD}
07:33:54.139 [Worker-8] INFO  o.a.AndroidAnnotationProcessor:83 - Initialize AndroidAnnotations 3.3.1 with options {phase=BUILD}
07:33:54.140 [Worker-8] INFO  o.a.AndroidAnnotationProcessor:107 - Start processing for 3 annotations on 1 elements
07:33:54.159 [Worker-8] DEBUG o.a.h.AndroidManifestFinder:137 - AndroidManifest.xml file found in parent folder /home/rohit/android/UTTARA: /home/rohit/android/UTTARA/AndroidManifest.xml
07:33:54.161 [Worker-8] INFO  o.a.AndroidAnnotationProcessor:170 - AndroidManifest.xml found: AndroidManifest [applicationPackage=com.uttara.activities, componentQualifiedNames=[com.uttara.activities.MainActivity_, com.uttara.activities.SignupActivity_, com.uttara.activities.SplashScreenActivity_], permissionQualifiedNames=[], applicationClassName=null, libraryProject=false, debugabble=false, minSdkVersion=14, maxSdkVersion=-1, targetSdkVersion=22]
07:33:54.162 [Worker-8] INFO  o.a.r.ProjectRClassFinder:50 - Found project R class: com.uttara.activities.R
07:33:54.166 [Worker-8] INFO  o.a.r.AndroidRClassFinder:44 - Found Android class: android.R
07:33:54.171 [Worker-8] INFO  o.a.p.ModelValidator:42 - Validating elements
07:33:54.172 [Worker-8] DEBUG o.a.p.ModelValidator:62 - Validating with EActivityHandler: [com.uttara.activities.MainActivity]
07:33:54.173 [Worker-8] ERROR o.a.h.AnnotationHelper:128 - Resource id value not found in R.layout: 0
07:33:54.173 [Worker-8] WARN  o.a.p.ModelValidator:69 - Element EActivityHandler unvalidated by 
07:33:54.173 [Worker-8] DEBUG o.a.p.ModelValidator:62 - Validating with ViewByIdHandler: [mViewPager, mCirIndicator]
07:33:54.175 [Worker-8] DEBUG o.a.p.ModelValidator:62 - Validating with AfterViewsHandler: [void afterViews() ]
07:33:54.176 [Worker-8] INFO  o.a.p.ModelProcessor:74 - Processing root elements
07:33:54.176 [Worker-8] INFO  o.a.p.ModelProcessor:86 - Processing enclosed elements
07:33:54.177 [Worker-8] INFO  o.a.AndroidAnnotationProcessor:249 - Number of files generated by AndroidAnnotations: 0
07:33:54.177 [Worker-8] INFO  o.a.g.ApiCodeGenerator:52 - Writting following API classes in project: []
07:33:54.177 [Worker-8] INFO  o.a.p.TimeStats:81 - Time measurements: [Whole Processing = 37 ms], [Extract Annotations = 18 ms], [Find R Classes = 9 ms], [Validate Annotations = 4 ms], [Extract Manifest = 2 ms], [Process Annotations = 2 ms], [Generate Sources = 0 ms], 
07:33:54.178 [Worker-8] INFO  o.a.AndroidAnnotationProcessor:121 - Finish processing
07:34:03.197 [Worker-5] INFO  o.a.AndroidAnnotationProcessor:83 - Initialize AndroidAnnotations 3.3.1 with options {phase=BUILD}
07:34:05.960 [Worker-5] INFO  o.a.AndroidAnnotationProcessor:83 - Initialize AndroidAnnotations 3.3.1 with options {phase=BUILD}
07:34:05.963 [Worker-5] INFO  o.a.AndroidAnnotationProcessor:107 - Start processing for 3 annotations on 1 elements
07:34:05.991 [Worker-5] DEBUG o.a.h.AndroidManifestFinder:137 - AndroidManifest.xml file found in parent folder /home/rohit/android/UTTARA: /home/rohit/android/UTTARA/AndroidManifest.xml
07:34:05.994 [Worker-5] INFO  o.a.AndroidAnnotationProcessor:170 - AndroidManifest.xml found: AndroidManifest [applicationPackage=com.uttara.activities, componentQualifiedNames=[com.uttara.activities.MainActivity_, com.uttara.activities.SignupActivity_, com.uttara.activities.SplashScreenActivity_], permissionQualifiedNames=[], applicationClassName=null, libraryProject=false, debugabble=false, minSdkVersion=14, maxSdkVersion=-1, targetSdkVersion=22]
07:34:05.995 [Worker-5] INFO  o.a.r.ProjectRClassFinder:50 - Found project R class: com.uttara.activities.R
07:34:06.1 [Worker-5] INFO  o.a.r.AndroidRClassFinder:44 - Found Android class: android.R
07:34:06.14 [Worker-5] INFO  o.a.p.ModelValidator:42 - Validating elements
07:34:06.15 [Worker-5] DEBUG o.a.p.ModelValidator:62 - Validating with EActivityHandler: [com.uttara.activities.MainActivity]
07:34:06.16 [Worker-5] ERROR o.a.h.AnnotationHelper:128 - Resource id value not found in R.layout: 0
07:34:06.16 [Worker-5] WARN  o.a.p.ModelValidator:69 - Element EActivityHandler unvalidated by 
07:34:06.16 [Worker-5] DEBUG o.a.p.ModelValidator:62 - Validating with ViewByIdHandler: [mViewPager, mCirIndicator]
07:34:06.18 [Worker-5] DEBUG o.a.p.ModelValidator:62 - Validating with AfterViewsHandler: [void afterViews() ]
07:34:06.20 [Worker-5] INFO  o.a.p.ModelProcessor:74 - Processing root elements
07:34:06.20 [Worker-5] INFO  o.a.p.ModelProcessor:86 - Processing enclosed elements
07:34:06.21 [Worker-5] INFO  o.a.AndroidAnnotationProcessor:249 - Number of files generated by AndroidAnnotations: 0
07:34:06.21 [Worker-5] INFO  o.a.g.ApiCodeGenerator:52 - Writting following API classes in project: []
07:34:06.22 [Worker-5] INFO  o.a.p.TimeStats:81 - Time measurements: [Whole Processing = 59 ms], [Extract Annotations = 27 ms], [Find R Classes = 19 ms], [Validate Annotations = 5 ms], [Extract Manifest = 4 ms], [Process Annotations = 2 ms], [Generate Sources = 1 ms], 
07:34:06.22 [Worker-5] INFO  o.a.AndroidAnnotationProcessor:121 - Finish processing
07:34:18.193 [Worker-9] INFO  o.a.AndroidAnnotationProcessor:83 - Initialize AndroidAnnotations 3.3.1 with options {phase=BUILD}
07:34:18.195 [Worker-9] INFO  o.a.AndroidAnnotationProcessor:107 - Start processing for 3 annotations on 4 elements
07:34:18.218 [Worker-9] DEBUG o.a.h.AndroidManifestFinder:137 - AndroidManifest.xml file found in parent folder /home/rohit/android/UTTARA: /home/rohit/android/UTTARA/AndroidManifest.xml
07:34:18.221 [Worker-9] INFO  o.a.AndroidAnnotationProcessor:170 - AndroidManifest.xml found: AndroidManifest [applicationPackage=com.uttara.activities, componentQualifiedNames=[com.uttara.activities.MainActivity_, com.uttara.activities.SignupActivity_, com.uttara.activities.SplashScreenActivity_], permissionQualifiedNames=[], applicationClassName=null, libraryProject=false, debugabble=false, minSdkVersion=14, maxSdkVersion=-1, targetSdkVersion=22]
07:34:18.221 [Worker-9] INFO  o.a.r.ProjectRClassFinder:50 - Found project R class: com.uttara.activities.R
07:34:18.231 [Worker-9] INFO  o.a.r.AndroidRClassFinder:44 - Found Android class: android.R
07:34:18.238 [Worker-9] INFO  o.a.p.ModelValidator:42 - Validating elements
07:34:18.239 [Worker-9] DEBUG o.a.p.ModelValidator:62 - Validating with EActivityHandler: [com.uttara.activities.MainActivity]
07:34:18.239 [Worker-9] DEBUG o.a.p.ModelValidator:62 - Validating with ViewByIdHandler: [mViewPager, mCirIndicator]
07:34:18.241 [Worker-9] DEBUG o.a.p.ModelValidator:62 - Validating with AfterViewsHandler: [void afterViews() ]
07:34:18.242 [Worker-9] INFO  o.a.p.ModelProcessor:74 - Processing root elements
07:34:18.242 [Worker-9] DEBUG o.a.p.ModelProcessor:176 - Processing root elements EActivityHandler: [com.uttara.activities.MainActivity]
07:34:18.246 [Worker-9] INFO  o.a.p.ModelProcessor:86 - Processing enclosed elements
07:34:18.247 [Worker-9] INFO  o.a.AndroidAnnotationProcessor:249 - Number of files generated by AndroidAnnotations: 1
07:34:18.248 [Worker-9] INFO  o.a.g.ApiCodeGenerator:52 - Writting following API classes in project: []
07:34:18.248 [Worker-9] DEBUG o.a.g.SourceCodewriter:55 - Generating class: com.uttara.activities.MainActivity_
07:34:18.252 [Worker-9] INFO  o.a.p.TimeStats:81 - Time measurements: [Whole Processing = 57 ms], [Extract Annotations = 22 ms], [Find R Classes = 17 ms], [Process Annotations = 6 ms], [Generate Sources = 5 ms], [Extract Manifest = 3 ms], [Validate Annotations = 3 ms], 
07:34:18.253 [Worker-9] INFO  o.a.AndroidAnnotationProcessor:121 - Finish processing
09:27:51.281 [Worker-15] INFO  o.a.AndroidAnnotationProcessor:83 - Initialize AndroidAnnotations 3.3.1 with options {phase=BUILD}
09:27:51.411 [Worker-15] INFO  o.a.AndroidAnnotationProcessor:107 - Start processing for 3 annotations on 1 elements
09:27:51.528 [Worker-15] DEBUG o.a.h.AndroidManifestFinder:137 - AndroidManifest.xml file found in parent folder /home/rohit/android/UTTARA: /home/rohit/android/UTTARA/AndroidManifest.xml
09:27:51.594 [Worker-15] INFO  o.a.AndroidAnnotationProcessor:170 - AndroidManifest.xml found: AndroidManifest [applicationPackage=com.uttara.activities, componentQualifiedNames=[com.uttara.activities.MainActivity_, com.uttara.activities.SignupActivity_, com.uttara.activities.SplashScreenActivity_], permissionQualifiedNames=[], applicationClassName=null, libraryProject=false, debugabble=false, minSdkVersion=14, maxSdkVersion=-1, targetSdkVersion=22]
09:27:51.595 [Worker-15] INFO  o.a.r.ProjectRClassFinder:50 - Found project R class: com.uttara.activities.R
09:27:51.702 [Worker-15] INFO  o.a.r.AndroidRClassFinder:44 - Found Android class: android.R
09:27:51.779 [Worker-15] INFO  o.a.p.ModelValidator:42 - Validating elements
09:27:51.780 [Worker-15] DEBUG o.a.p.ModelValidator:62 - Validating with EActivityHandler: [com.uttara.activities.MainActivity]
09:27:51.792 [Worker-15] DEBUG o.a.p.ModelValidator:62 - Validating with ViewByIdHandler: [mCirIndicator, mViewPager]
09:27:51.794 [Worker-15] DEBUG o.a.p.ModelValidator:62 - Validating with AfterViewsHandler: [void afterViews() ]
09:27:51.795 [Worker-15] INFO  o.a.p.ModelProcessor:74 - Processing root elements
09:27:51.795 [Worker-15] DEBUG o.a.p.ModelProcessor:176 - Processing root elements EActivityHandler: [com.uttara.activities.MainActivity]
09:27:51.831 [Worker-15] INFO  o.a.p.ModelProcessor:86 - Processing enclosed elements
09:27:51.840 [Worker-15] INFO  o.a.AndroidAnnotationProcessor:249 - Number of files generated by AndroidAnnotations: 1
09:27:51.840 [Worker-15] INFO  o.a.g.ApiCodeGenerator:52 - Writting following API classes in project: []
09:27:51.856 [Worker-15] DEBUG o.a.g.SourceCodewriter:55 - Generating class: com.uttara.activities.MainActivity_
09:27:52.611 [Worker-15] INFO  o.a.p.TimeStats:81 - Time measurements: [Whole Processing = 1199 ms], [Generate Sources = 770 ms], [Find R Classes = 184 ms], [Extract Annotations = 100 ms], [Extract Manifest = 66 ms], [Process Annotations = 46 ms], [Validate Annotations = 15 ms], 
09:27:52.612 [Worker-15] INFO  o.a.AndroidAnnotationProcessor:121 - Finish processing
09:27:56.578 [Worker-8] INFO  o.a.AndroidAnnotationProcessor:83 - Initialize AndroidAnnotations 3.3.1 with options {phase=BUILD}
09:27:56.581 [Worker-8] INFO  o.a.AndroidAnnotationProcessor:107 - Start processing for 3 annotations on 1 elements
09:27:56.643 [Worker-8] DEBUG o.a.h.AndroidManifestFinder:137 - AndroidManifest.xml file found in parent folder /home/rohit/android/UTTARA: /home/rohit/android/UTTARA/AndroidManifest.xml
09:27:56.646 [Worker-8] INFO  o.a.AndroidAnnotationProcessor:170 - AndroidManifest.xml found: AndroidManifest [applicationPackage=com.uttara.activities, componentQualifiedNames=[com.uttara.activities.MainActivity_, com.uttara.activities.SignupActivity_, com.uttara.activities.SplashScreenActivity_], permissionQualifiedNames=[], applicationClassName=null, libraryProject=false, debugabble=false, minSdkVersion=14, maxSdkVersion=-1, targetSdkVersion=22]
09:27:56.646 [Worker-8] INFO  o.a.r.ProjectRClassFinder:50 - Found project R class: com.uttara.activities.R
09:27:56.782 [Worker-8] INFO  o.a.r.AndroidRClassFinder:44 - Found Android class: android.R
09:27:56.788 [Worker-8] INFO  o.a.p.ModelValidator:42 - Validating elements
09:27:56.789 [Worker-8] DEBUG o.a.p.ModelValidator:62 - Validating with EActivityHandler: [com.uttara.activities.MainActivity]
09:27:56.789 [Worker-8] DEBUG o.a.p.ModelValidator:62 - Validating with ViewByIdHandler: [mCirIndicator, mViewPager]
09:27:56.791 [Worker-8] DEBUG o.a.p.ModelValidator:62 - Validating with AfterViewsHandler: [void afterViews() ]
09:27:56.791 [Worker-8] INFO  o.a.p.ModelProcessor:74 - Processing root elements
09:27:56.792 [Worker-8] DEBUG o.a.p.ModelProcessor:176 - Processing root elements EActivityHandler: [com.uttara.activities.MainActivity]
09:27:56.853 [Worker-8] INFO  o.a.p.ModelProcessor:86 - Processing enclosed elements
09:27:57.71 [Worker-8] INFO  o.a.AndroidAnnotationProcessor:249 - Number of files generated by AndroidAnnotations: 1
09:27:57.72 [Worker-8] INFO  o.a.g.ApiCodeGenerator:52 - Writting following API classes in project: []
09:27:57.73 [Worker-8] DEBUG o.a.g.SourceCodewriter:55 - Generating class: com.uttara.activities.MainActivity_
09:27:57.94 [Worker-8] INFO  o.a.p.TimeStats:81 - Time measurements: [Whole Processing = 513 ms], [Process Annotations = 280 ms], [Find R Classes = 142 ms], [Extract Annotations = 61 ms], [Generate Sources = 23 ms], [Extract Manifest = 3 ms], [Validate Annotations = 3 ms], 
09:27:57.95 [Worker-8] INFO  o.a.AndroidAnnotationProcessor:121 - Finish processing
